Analysis & Synthesis report for cpu
Wed Nov 16 21:02:25 2022
Quartus Prime Version 18.1.0 Build 625 09/12/2018 SJ Lite Edition


---------------------
; Table of Contents ;
---------------------
  1. Legal Notice
  2. Analysis & Synthesis Summary
  3. Analysis & Synthesis Settings
  4. Parallel Compilation
  5. Analysis & Synthesis Source Files Read
  6. Analysis & Synthesis Resource Usage Summary
  7. Analysis & Synthesis Resource Utilization by Entity
  8. General Register Statistics
  9. Multiplexer Restructuring Statistics (Restructuring Performed)
 10. Port Connectivity Checks: "datapath:path"
 11. Post-Synthesis Netlist Statistics for Top Partition
 12. Elapsed Time Per Partition
 13. Analysis & Synthesis Messages
 14. Analysis & Synthesis Suppressed Messages



----------------
; Legal Notice ;
----------------
Copyright (C) 2018  Intel Corporation. All rights reserved.
Your use of Intel Corporation's design tools, logic functions 
and other software and tools, and its AMPP partner logic 
functions, and any output files from any of the foregoing 
(including device programming or simulation files), and any 
associated documentation or information are expressly subject 
to the terms and conditions of the Intel Program License 
Subscription Agreement, the Intel Quartus Prime License Agreement,
the Intel FPGA IP License Agreement, or other applicable license
agreement, including, without limitation, that your use is for
the sole purpose of programming logic devices manufactured by
Intel and sold by Intel or its authorized distributors.  Please
refer to the applicable agreement for further details.



+-------------------------------------------------------------------------------+
; Analysis & Synthesis Summary                                                  ;
+---------------------------------+---------------------------------------------+
; Analysis & Synthesis Status     ; Successful - Wed Nov 16 21:02:25 2022       ;
; Quartus Prime Version           ; 18.1.0 Build 625 09/12/2018 SJ Lite Edition ;
; Revision Name                   ; cpu                                         ;
; Top-level Entity Name           ; cpu                                         ;
; Family                          ; Cyclone V                                   ;
; Logic utilization (in ALMs)     ; N/A                                         ;
; Total registers                 ; 198                                         ;
; Total pins                      ; 40                                          ;
; Total virtual pins              ; 0                                           ;
; Total block memory bits         ; 0                                           ;
; Total DSP Blocks                ; 0                                           ;
; Total HSSI RX PCSs              ; 0                                           ;
; Total HSSI PMA RX Deserializers ; 0                                           ;
; Total HSSI TX PCSs              ; 0                                           ;
; Total HSSI PMA TX Serializers   ; 0                                           ;
; Total PLLs                      ; 0                                           ;
; Total DLLs                      ; 0                                           ;
+---------------------------------+---------------------------------------------+


+---------------------------------------------------------------------------------------------------------------------------+
; Analysis & Synthesis Settings                                                                                             ;
+---------------------------------------------------------------------------------+--------------------+--------------------+
; Option                                                                          ; Setting            ; Default Value      ;
+---------------------------------------------------------------------------------+--------------------+--------------------+
; Device                                                                          ; 5CSEMA5F31C6       ;                    ;
; Top-level entity name                                                           ; cpu                ; cpu                ;
; Family name                                                                     ; Cyclone V          ; Cyclone V          ;
; Use smart compilation                                                           ; Off                ; Off                ;
; Enable parallel Assembler and Timing Analyzer during compilation                ; On                 ; On                 ;
; Enable compact report table                                                     ; Off                ; Off                ;
; Restructure Multiplexers                                                        ; Auto               ; Auto               ;
; MLAB Add Timing Constraints For Mixed-Port Feed-Through Mode Setting Don't Care ; Off                ; Off                ;
; Create Debugging Nodes for IP Cores                                             ; Off                ; Off                ;
; Preserve fewer node names                                                       ; On                 ; On                 ;
; Intel FPGA IP Evaluation Mode                                                   ; Enable             ; Enable             ;
; Verilog Version                                                                 ; Verilog_2001       ; Verilog_2001       ;
; VHDL Version                                                                    ; VHDL_1993          ; VHDL_1993          ;
; State Machine Processing                                                        ; Auto               ; Auto               ;
; Safe State Machine                                                              ; Off                ; Off                ;
; Extract Verilog State Machines                                                  ; On                 ; On                 ;
; Extract VHDL State Machines                                                     ; On                 ; On                 ;
; Ignore Verilog initial constructs                                               ; Off                ; Off                ;
; Iteration limit for constant Verilog loops                                      ; 5000               ; 5000               ;
; Iteration limit for non-constant Verilog loops                                  ; 250                ; 250                ;
; Add Pass-Through Logic to Inferred RAMs                                         ; On                 ; On                 ;
; Infer RAMs from Raw Logic                                                       ; On                 ; On                 ;
; Parallel Synthesis                                                              ; On                 ; On                 ;
; DSP Block Balancing                                                             ; Auto               ; Auto               ;
; NOT Gate Push-Back                                                              ; On                 ; On                 ;
; Power-Up Don't Care                                                             ; On                 ; On                 ;
; Remove Redundant Logic Cells                                                    ; Off                ; Off                ;
; Remove Duplicate Registers                                                      ; On                 ; On                 ;
; Ignore CARRY Buffers                                                            ; Off                ; Off                ;
; Ignore CASCADE Buffers                                                          ; Off                ; Off                ;
; Ignore GLOBAL Buffers                                                           ; Off                ; Off                ;
; Ignore ROW GLOBAL Buffers                                                       ; Off                ; Off                ;
; Ignore LCELL Buffers                                                            ; Off                ; Off                ;
; Ignore SOFT Buffers                                                             ; On                 ; On                 ;
; Limit AHDL Integers to 32 Bits                                                  ; Off                ; Off                ;
; Optimization Technique                                                          ; Balanced           ; Balanced           ;
; Carry Chain Length                                                              ; 70                 ; 70                 ;
; Auto Carry Chains                                                               ; On                 ; On                 ;
; Auto Open-Drain Pins                                                            ; On                 ; On                 ;
; Perform WYSIWYG Primitive Resynthesis                                           ; Off                ; Off                ;
; Auto ROM Replacement                                                            ; On                 ; On                 ;
; Auto RAM Replacement                                                            ; On                 ; On                 ;
; Auto DSP Block Replacement                                                      ; On                 ; On                 ;
; Auto Shift Register Replacement                                                 ; Auto               ; Auto               ;
; Allow Shift Register Merging across Hierarchies                                 ; Auto               ; Auto               ;
; Auto Clock Enable Replacement                                                   ; On                 ; On                 ;
; Strict RAM Replacement                                                          ; Off                ; Off                ;
; Allow Synchronous Control Signals                                               ; On                 ; On                 ;
; Force Use of Synchronous Clear Signals                                          ; Off                ; Off                ;
; Auto Resource Sharing                                                           ; Off                ; Off                ;
; Allow Any RAM Size For Recognition                                              ; Off                ; Off                ;
; Allow Any ROM Size For Recognition                                              ; Off                ; Off                ;
; Allow Any Shift Register Size For Recognition                                   ; Off                ; Off                ;
; Use LogicLock Constraints during Resource Balancing                             ; On                 ; On                 ;
; Ignore translate_off and synthesis_off directives                               ; Off                ; Off                ;
; Timing-Driven Synthesis                                                         ; On                 ; On                 ;
; Report Parameter Settings                                                       ; On                 ; On                 ;
; Report Source Assignments                                                       ; On                 ; On                 ;
; Report Connectivity Checks                                                      ; On                 ; On                 ;
; Ignore Maximum Fan-Out Assignments                                              ; Off                ; Off                ;
; Synchronization Register Chain Length                                           ; 3                  ; 3                  ;
; Power Optimization During Synthesis                                             ; Normal compilation ; Normal compilation ;
; HDL message level                                                               ; Level2             ; Level2             ;
; Suppress Register Optimization Related Messages                                 ; Off                ; Off                ;
; Number of Removed Registers Reported in Synthesis Report                        ; 5000               ; 5000               ;
; Number of Swept Nodes Reported in Synthesis Report                              ; 5000               ; 5000               ;
; Number of Inverted Registers Reported in Synthesis Report                       ; 100                ; 100                ;
; Clock MUX Protection                                                            ; On                 ; On                 ;
; Auto Gated Clock Conversion                                                     ; Off                ; Off                ;
; Block Design Naming                                                             ; Auto               ; Auto               ;
; SDC constraint protection                                                       ; Off                ; Off                ;
; Synthesis Effort                                                                ; Auto               ; Auto               ;
; Shift Register Replacement - Allow Asynchronous Clear Signal                    ; On                 ; On                 ;
; Pre-Mapping Resynthesis Optimization                                            ; Off                ; Off                ;
; Analysis & Synthesis Message Level                                              ; Medium             ; Medium             ;
; Disable Register Merging Across Hierarchies                                     ; Auto               ; Auto               ;
; Resource Aware Inference For Block RAM                                          ; On                 ; On                 ;
; Automatic Parallel Synthesis                                                    ; On                 ; On                 ;
; Partial Reconfiguration Bitstream ID                                            ; Off                ; Off                ;
+---------------------------------------------------------------------------------+--------------------+--------------------+


+------------------------------------------+
; Parallel Compilation                     ;
+----------------------------+-------------+
; Processors                 ; Number      ;
+----------------------------+-------------+
; Number detected on machine ; 8           ;
; Maximum allowed            ; 4           ;
;                            ;             ;
; Average used               ; 1.00        ;
; Maximum used               ; 4           ;
;                            ;             ;
; Usage by Processor         ; % Time Used ;
;     Processor 1            ; 100.0%      ;
;     Processors 2-4         ;   0.0%      ;
+----------------------------+-------------+


+------------------------------------------------------------------------------------------------------------------------------------------------------------------+
; Analysis & Synthesis Source Files Read                                                                                                                           ;
+----------------------------------+-----------------+------------------------------+--------------------------------------------------------------------+---------+
; File Name with User-Entered Path ; Used in Netlist ; File Type                    ; File Name with Absolute Path                                       ; Library ;
+----------------------------------+-----------------+------------------------------+--------------------------------------------------------------------+---------+
; shifter.sv                       ; yes             ; User SystemVerilog HDL File  ; C:/intelFPGA_lite/18.1/CPEN211/lab6-files/lab6-files/shifter.sv    ;         ;
; regfile.sv                       ; yes             ; User SystemVerilog HDL File  ; C:/intelFPGA_lite/18.1/CPEN211/lab6-files/lab6-files/regfile.sv    ;         ;
; idecoder.sv                      ; yes             ; User SystemVerilog HDL File  ; C:/intelFPGA_lite/18.1/CPEN211/lab6-files/lab6-files/idecoder.sv   ;         ;
; datapath.sv                      ; yes             ; User SystemVerilog HDL File  ; C:/intelFPGA_lite/18.1/CPEN211/lab6-files/lab6-files/datapath.sv   ;         ;
; cpu.sv                           ; yes             ; User SystemVerilog HDL File  ; C:/intelFPGA_lite/18.1/CPEN211/lab6-files/lab6-files/cpu.sv        ;         ;
; controller.sv                    ; yes             ; User SystemVerilog HDL File  ; C:/intelFPGA_lite/18.1/CPEN211/lab6-files/lab6-files/controller.sv ;         ;
; alu.sv                           ; yes             ; User SystemVerilog HDL File  ; C:/intelFPGA_lite/18.1/CPEN211/lab6-files/lab6-files/alu.sv        ;         ;
+----------------------------------+-----------------+------------------------------+--------------------------------------------------------------------+---------+


+---------------------------------------------------------+
; Analysis & Synthesis Resource Usage Summary             ;
+---------------------------------------------+-----------+
; Resource                                    ; Usage     ;
+---------------------------------------------+-----------+
; Estimate of Logic utilization (ALMs needed) ; 166       ;
;                                             ;           ;
; Combinational ALUT usage for logic          ; 156       ;
;     -- 7 input functions                    ; 47        ;
;     -- 6 input functions                    ; 11        ;
;     -- 5 input functions                    ; 58        ;
;     -- 4 input functions                    ; 18        ;
;     -- <=3 input functions                  ; 22        ;
;                                             ;           ;
; Dedicated logic registers                   ; 198       ;
;                                             ;           ;
; I/O pins                                    ; 40        ;
;                                             ;           ;
; Total DSP Blocks                            ; 0         ;
;                                             ;           ;
; Maximum fan-out node                        ; clk~input ;
; Maximum fan-out                             ; 198       ;
; Total fan-out                               ; 1500      ;
; Average fan-out                             ; 3.46      ;
+---------------------------------------------+-----------+


+--------------------------------------------------------------------------------------------------------------------------------------------------------------------------------------------------------------+
; Analysis & Synthesis Resource Utilization by Entity                                                                                                                                                          ;
+------------------------------+---------------------+---------------------------+-------------------+------------+------+--------------+-----------------------------------------+-------------+--------------+
; Compilation Hierarchy Node   ; Combinational ALUTs ; Dedicated Logic Registers ; Block Memory Bits ; DSP Blocks ; Pins ; Virtual Pins ; Full Hierarchy Name                     ; Entity Name ; Library Name ;
+------------------------------+---------------------+---------------------------+-------------------+------------+------+--------------+-----------------------------------------+-------------+--------------+
; |cpu                         ; 156 (0)             ; 198 (16)                  ; 0                 ; 0          ; 40   ; 0            ; |cpu                                    ; cpu         ; work         ;
;    |controller:control|      ; 20 (20)             ; 3 (3)                     ; 0                 ; 0          ; 0    ; 0            ; |cpu|controller:control                 ; controller  ; work         ;
;    |datapath:path|           ; 132 (17)            ; 179 (51)                  ; 0                 ; 0          ; 0    ; 0            ; |cpu|datapath:path                      ; datapath    ; work         ;
;       |ALU:alu|              ; 59 (59)             ; 0 (0)                     ; 0                 ; 0          ; 0    ; 0            ; |cpu|datapath:path|ALU:alu              ; ALU         ; work         ;
;       |regfile:registerfile| ; 40 (40)             ; 128 (128)                 ; 0                 ; 0          ; 0    ; 0            ; |cpu|datapath:path|regfile:registerfile ; regfile     ; work         ;
;       |shifter:shift|        ; 16 (16)             ; 0 (0)                     ; 0                 ; 0          ; 0    ; 0            ; |cpu|datapath:path|shifter:shift        ; shifter     ; work         ;
;    |idecoder:decoder|        ; 4 (4)               ; 0 (0)                     ; 0                 ; 0          ; 0    ; 0            ; |cpu|idecoder:decoder                   ; idecoder    ; work         ;
+------------------------------+---------------------+---------------------------+-------------------+------------+------+--------------+-----------------------------------------+-------------+--------------+
Note: For table entries with two numbers listed, the numbers in parentheses indicate the number of resources of the given type used by the specific entity alone. The numbers listed outside of parentheses indicate the total resources of the given type used by the specific entity and all of its sub-entities in the hierarchy.


+------------------------------------------------------+
; General Register Statistics                          ;
+----------------------------------------------+-------+
; Statistic                                    ; Value ;
+----------------------------------------------+-------+
; Total registers                              ; 198   ;
; Number of registers using Synchronous Clear  ; 0     ;
; Number of registers using Synchronous Load   ; 0     ;
; Number of registers using Asynchronous Clear ; 0     ;
; Number of registers using Asynchronous Load  ; 0     ;
; Number of registers using Clock Enable       ; 195   ;
; Number of registers using Preset             ; 0     ;
+----------------------------------------------+-------+


+-----------------------------------------------------------------------------------------------------------------------------------------------------+
; Multiplexer Restructuring Statistics (Restructuring Performed)                                                                                      ;
+--------------------+-----------+---------------+----------------------+------------------------+------------+---------------------------------------+
; Multiplexer Inputs ; Bus Width ; Baseline Area ; Area if Restructured ; Saving if Restructured ; Registered ; Example Multiplexer Output            ;
+--------------------+-----------+---------------+----------------------+------------------------+------------+---------------------------------------+
; 4:1                ; 16 bits   ; 32 LEs        ; 32 LEs               ; 0 LEs                  ; Yes        ; |cpu|datapath:path|out_datapath[2]    ;
; 4:1                ; 14 bits   ; 28 LEs        ; 28 LEs               ; 0 LEs                  ; No         ; |cpu|datapath:path|shifter:shift|Mux1 ;
; 4:1                ; 3 bits    ; 6 LEs         ; 6 LEs                ; 0 LEs                  ; No         ; |cpu|idecoder:decoder|Mux0            ;
+--------------------+-----------+---------------+----------------------+------------------------+------------+---------------------------------------+


+-------------------------------------------+
; Port Connectivity Checks: "datapath:path" ;
+-------+-------+----------+----------------+
; Port  ; Type  ; Severity ; Details        ;
+-------+-------+----------+----------------+
; mdata ; Input ; Info     ; Stuck at GND   ;
; pc    ; Input ; Info     ; Stuck at GND   ;
+-------+-------+----------+----------------+


+-----------------------------------------------------+
; Post-Synthesis Netlist Statistics for Top Partition ;
+-----------------------+-----------------------------+
; Type                  ; Count                       ;
+-----------------------+-----------------------------+
; arriav_ff             ; 198                         ;
;     ENA               ; 195                         ;
;     plain             ; 3                           ;
; arriav_lcell_comb     ; 156                         ;
;     arith             ; 33                          ;
;         0 data inputs ; 1                           ;
;         5 data inputs ; 32                          ;
;     extend            ; 47                          ;
;         7 data inputs ; 47                          ;
;     normal            ; 76                          ;
;         2 data inputs ; 2                           ;
;         3 data inputs ; 19                          ;
;         4 data inputs ; 18                          ;
;         5 data inputs ; 26                          ;
;         6 data inputs ; 11                          ;
; boundary_port         ; 40                          ;
;                       ;                             ;
; Max LUT depth         ; 5.30                        ;
; Average LUT depth     ; 2.99                        ;
+-----------------------+-----------------------------+


+-------------------------------+
; Elapsed Time Per Partition    ;
+----------------+--------------+
; Partition Name ; Elapsed Time ;
+----------------+--------------+
; Top            ; 00:00:00     ;
+----------------+--------------+


+-------------------------------+
; Analysis & Synthesis Messages ;
+-------------------------------+
Info: *******************************************************************
Info: Running Quartus Prime Analysis & Synthesis
    Info: Version 18.1.0 Build 625 09/12/2018 SJ Lite Edition
    Info: Processing started: Wed Nov 16 21:02:14 2022
Info: Command: quartus_map --read_settings_files=on --write_settings_files=off cpu -c cpu
Warning (18236): Number of processors has not been specified which may cause overloading on shared machines.  Set the global assignment NUM_PARALLEL_PROCESSORS in your QSF to an appropriate value for best performance.
Info (20030): Parallel compilation is enabled and will use 4 of the 4 processors detected
Info (12021): Found 1 design units, including 1 entities, in source file shifter.sv
    Info (12023): Found entity 1: shifter File: C:/intelFPGA_lite/18.1/CPEN211/lab6-files/lab6-files/shifter.sv Line: 1
Info (12021): Found 1 design units, including 1 entities, in source file regfile.sv
    Info (12023): Found entity 1: regfile File: C:/intelFPGA_lite/18.1/CPEN211/lab6-files/lab6-files/regfile.sv Line: 1
Info (12021): Found 1 design units, including 1 entities, in source file idecoder.sv
    Info (12023): Found entity 1: idecoder File: C:/intelFPGA_lite/18.1/CPEN211/lab6-files/lab6-files/idecoder.sv Line: 1
Info (12021): Found 1 design units, including 1 entities, in source file datapath.sv
    Info (12023): Found entity 1: datapath File: C:/intelFPGA_lite/18.1/CPEN211/lab6-files/lab6-files/datapath.sv Line: 1
Info (12021): Found 1 design units, including 1 entities, in source file cpu.sv
    Info (12023): Found entity 1: cpu File: C:/intelFPGA_lite/18.1/CPEN211/lab6-files/lab6-files/cpu.sv Line: 1
Info (12021): Found 1 design units, including 1 entities, in source file controller.sv
    Info (12023): Found entity 1: controller File: C:/intelFPGA_lite/18.1/CPEN211/lab6-files/lab6-files/controller.sv Line: 1
Info (12021): Found 1 design units, including 1 entities, in source file alu.sv
    Info (12023): Found entity 1: ALU File: C:/intelFPGA_lite/18.1/CPEN211/lab6-files/lab6-files/alu.sv Line: 1
Info (12127): Elaborating entity "cpu" for the top level hierarchy
Info (12128): Elaborating entity "controller" for hierarchy "controller:control" File: C:/intelFPGA_lite/18.1/CPEN211/lab6-files/lab6-files/cpu.sv Line: 13
Info (12128): Elaborating entity "datapath" for hierarchy "datapath:path" File: C:/intelFPGA_lite/18.1/CPEN211/lab6-files/lab6-files/cpu.sv Line: 14
Info (12128): Elaborating entity "regfile" for hierarchy "datapath:path|regfile:registerfile" File: C:/intelFPGA_lite/18.1/CPEN211/lab6-files/lab6-files/datapath.sv Line: 19
Info (12128): Elaborating entity "shifter" for hierarchy "datapath:path|shifter:shift" File: C:/intelFPGA_lite/18.1/CPEN211/lab6-files/lab6-files/datapath.sv Line: 26
Info (12128): Elaborating entity "ALU" for hierarchy "datapath:path|ALU:alu" File: C:/intelFPGA_lite/18.1/CPEN211/lab6-files/lab6-files/datapath.sv Line: 34
Info (12128): Elaborating entity "idecoder" for hierarchy "idecoder:decoder" File: C:/intelFPGA_lite/18.1/CPEN211/lab6-files/lab6-files/cpu.sv Line: 15
Info (276014): Found 1 instances of uninferred RAM logic
    Info (276007): RAM logic "datapath:path|regfile:registerfile|m" is uninferred due to asynchronous read logic File: C:/intelFPGA_lite/18.1/CPEN211/lab6-files/lab6-files/regfile.sv Line: 2
Info (286030): Timing-Driven Synthesis is running
Info (144001): Generated suppressed messages file C:/intelFPGA_lite/18.1/CPEN211/lab6-files/lab6-files/output_files/cpu.map.smsg
Info (16010): Generating hard_block partition "hard_block:auto_generated_inst"
    Info (16011): Adding 0 node(s), including 0 DDIO, 0 PLL, 0 transceiver and 0 LCELL
Info (21057): Implemented 372 device resources after synthesis - the final resource count might be different
    Info (21058): Implemented 20 input pins
    Info (21059): Implemented 20 output pins
    Info (21061): Implemented 332 logic cells
Info: Quartus Prime Analysis & Synthesis was successful. 0 errors, 1 warning
    Info: Peak virtual memory: 4834 megabytes
    Info: Processing ended: Wed Nov 16 21:02:25 2022
    Info: Elapsed time: 00:00:11
    Info: Total CPU time (on all processors): 00:00:23


+------------------------------------------+
; Analysis & Synthesis Suppressed Messages ;
+------------------------------------------+
The suppressed messages can be found in C:/intelFPGA_lite/18.1/CPEN211/lab6-files/lab6-files/output_files/cpu.map.smsg.


